{"numFailedTestSuites":2,"numFailedTests":0,"numPassedTestSuites":0,"numPassedTests":0,"numPendingTestSuites":0,"numPendingTests":0,"numRuntimeErrorTestSuites":2,"numTodoTests":0,"numTotalTestSuites":2,"numTotalTests":0,"openHandles":[],"snapshot":{"added":0,"didUpdate":false,"failure":false,"filesAdded":0,"filesRemoved":0,"filesRemovedList":[],"filesUnmatched":0,"filesUpdated":0,"matched":0,"total":0,"unchecked":0,"uncheckedKeysByFile":[],"unmatched":0,"updated":0},"startTime":1741701666134,"success":false,"testResults":[{"assertionResults":[],"coverage":{},"endTime":1741701681094,"message":"  \u001b[1m● \u001b[22mTest suite failed to run\n\n    \u001b[96msrc/tests/test-setup.ts\u001b[0m:\u001b[93m16\u001b[0m:\u001b[93m30\u001b[0m - \u001b[91merror\u001b[0m\u001b[90m TS2345: \u001b[0mArgument of type 'string | undefined' is not assignable to parameter of type 'string'.\n      Type 'undefined' is not assignable to type 'string'.\n\n    \u001b[7m16\u001b[0m     TestLogger.logTestResult(testName, testStatus);\n    \u001b[7m  \u001b[0m \u001b[91m                             ~~~~~~~~\u001b[0m\n","name":"G:\\NodeProjects\\Adaki\\Actual Working\\adaki-nfc\\src\\tests\\unit\\utils\\validation.test.ts","startTime":1741701681094,"status":"failed","summary":""},{"assertionResults":[],"coverage":{},"endTime":1741701681094,"message":"  \u001b[1m● \u001b[22mTest suite failed to run\n\n    \u001b[96msrc/tests/test-setup.ts\u001b[0m:\u001b[93m16\u001b[0m:\u001b[93m30\u001b[0m - \u001b[91merror\u001b[0m\u001b[90m TS2345: \u001b[0mArgument of type 'string | undefined' is not assignable to parameter of type 'string'.\n      Type 'undefined' is not assignable to type 'string'.\n\n    \u001b[7m16\u001b[0m     TestLogger.logTestResult(testName, testStatus);\n    \u001b[7m  \u001b[0m \u001b[91m                             ~~~~~~~~\u001b[0m\n","name":"G:\\NodeProjects\\Adaki\\Actual Working\\adaki-nfc\\src\\tests\\integration\\routes\\nfc.routes.test.ts","startTime":1741701681094,"status":"failed","summary":""}],"wasInterrupted":false,"coverageMap":{"G:\\NodeProjects\\Adaki\\Actual Working\\adaki-nfc\\src\\types\\auth.types.ts":{"path":"G:\\NodeProjects\\Adaki\\Actual Working\\adaki-nfc\\src\\types\\auth.types.ts","statementMap":{"0":{"start":{"line":32,"column":8},"end":{"line":32,"column":23}},"1":{"start":{"line":33,"column":8},"end":{"line":33,"column":42}},"2":{"start":{"line":34,"column":8},"end":{"line":34,"column":37}},"3":{"start":{"line":28,"column":0},"end":{"line":28,"column":13}}},"fnMap":{"0":{"name":"(anonymous_0)","decl":{"start":{"line":31,"column":4},"end":{"line":31,"column":16}},"loc":{"start":{"line":31,"column":49},"end":{"line":35,"column":5}}}},"branchMap":{"0":{"loc":{"start":{"line":31,"column":33},"end":{"line":31,"column":49}},"type":"default-arg","locations":[{"start":{"line":31,"column":46},"end":{"line":31,"column":49}}]}},"s":{"0":0,"1":0,"2":0,"3":0},"f":{"0":0},"b":{"0":[0]}},"G:\\NodeProjects\\Adaki\\Actual Working\\adaki-nfc\\src\\controllers\\auth.controller.ts":{"path":"G:\\NodeProjects\\Adaki\\Actual Working\\adaki-nfc\\src\\controllers\\auth.controller.ts","statementMap":{"0":{"start":{"line":2,"column":0},"end":{"line":2,"column":51}},"1":{"start":{"line":3,"column":0},"end":{"line":3,"column":37}},"2":{"start":{"line":13,"column":8},"end":{"line":67,"column":9}},"3":{"start":{"line":14,"column":40},"end":{"line":14,"column":48}},"4":{"start":{"line":17,"column":12},"end":{"line":27,"column":13}},"5":{"start":{"line":18,"column":16},"end":{"line":25,"column":19}},"6":{"start":{"line":26,"column":16},"end":{"line":26,"column":23}},"7":{"start":{"line":30,"column":47},"end":{"line":30,"column":56}},"8":{"start":{"line":31,"column":12},"end":{"line":46,"column":13}},"9":{"start":{"line":32,"column":16},"end":{"line":32,"column":49}},"10":{"start":{"line":35,"column":16},"end":{"line":45,"column":17}},"11":{"start":{"line":36,"column":20},"end":{"line":43,"column":23}},"12":{"start":{"line":44,"column":20},"end":{"line":44,"column":27}},"13":{"start":{"line":49,"column":27},"end":{"line":49,"column":75}},"14":{"start":{"line":52,"column":12},"end":{"line":62,"column":15}},"15":{"start":{"line":65,"column":12},"end":{"line":65,"column":95}},"16":{"start":{"line":66,"column":12},"end":{"line":66,"column":24}},"17":{"start":{"line":77,"column":8},"end":{"line":104,"column":9}},"18":{"start":{"line":78,"column":27},"end":{"line":78,"column":37}},"19":{"start":{"line":80,"column":12},"end":{"line":90,"column":13}},"20":{"start":{"line":81,"column":16},"end":{"line":88,"column":19}},"21":{"start":{"line":89,"column":16},"end":{"line":89,"column":23}},"22":{"start":{"line":93,"column":12},"end":{"line":93,"column":47}},"23":{"start":{"line":95,"column":12},"end":{"line":99,"column":15}},"24":{"start":{"line":102,"column":12},"end":{"line":102,"column":95}},"25":{"start":{"line":103,"column":12},"end":{"line":103,"column":24}},"26":{"start":{"line":5,"column":0},"end":{"line":5,"column":13}},"27":{"start":{"line":109,"column":0},"end":{"line":109,"column":36}}},"fnMap":{"0":{"name":"(anonymous_8)","decl":{"start":{"line":12,"column":10},"end":{"line":12,"column":22}},"loc":{"start":{"line":12,"column":70},"end":{"line":68,"column":null}}},"1":{"name":"(anonymous_10)","decl":{"start":{"line":76,"column":10},"end":{"line":76,"column":22}},"loc":{"start":{"line":76,"column":70},"end":{"line":105,"column":null}}}},"branchMap":{"0":{"loc":{"start":{"line":17,"column":12},"end":{"line":27,"column":13}},"type":"if","locations":[{"start":{"line":17,"column":12},"end":{"line":27,"column":13}}]},"1":{"loc":{"start":{"line":17,"column":16},"end":{"line":17,"column":49}},"type":"binary-expr","locations":[{"start":{"line":17,"column":16},"end":{"line":17,"column":21}},{"start":{"line":17,"column":25},"end":{"line":17,"column":49}}]},"2":{"loc":{"start":{"line":31,"column":12},"end":{"line":46,"column":13}},"type":"if","locations":[{"start":{"line":31,"column":12},"end":{"line":46,"column":13}}]},"3":{"loc":{"start":{"line":35,"column":16},"end":{"line":45,"column":17}},"type":"if","locations":[{"start":{"line":35,"column":16},"end":{"line":45,"column":17}}]},"4":{"loc":{"start":{"line":58,"column":31},"end":{"line":58,"column":56}},"type":"cond-expr","locations":[{"start":{"line":58,"column":41},"end":{"line":58,"column":43}},{"start":{"line":58,"column":31},"end":{"line":58,"column":56}}]},"5":{"loc":{"start":{"line":58,"column":31},"end":{"line":58,"column":43}},"type":"binary-expr","locations":[{"start":{"line":58,"column":31},"end":{"line":58,"column":43}},{"start":{"line":58,"column":31},"end":{"line":58,"column":43}}]},"6":{"loc":{"start":{"line":80,"column":12},"end":{"line":90,"column":13}},"type":"if","locations":[{"start":{"line":80,"column":12},"end":{"line":90,"column":13}}]}},"s":{"0":0,"1":0,"2":0,"3":0,"4":0,"5":0,"6":0,"7":0,"8":0,"9":0,"10":0,"11":0,"12":0,"13":0,"14":0,"15":0,"16":0,"17":0,"18":0,"19":0,"20":0,"21":0,"22":0,"23":0,"24":0,"25":0,"26":0,"27":0},"f":{"0":0,"1":0},"b":{"0":[0],"1":[0,0],"2":[0],"3":[0],"4":[0,0],"5":[0,0],"6":[0]}},"G:\\NodeProjects\\Adaki\\Actual Working\\adaki-nfc\\src\\middleware\\error.middleware.ts":{"path":"G:\\NodeProjects\\Adaki\\Actual Working\\adaki-nfc\\src\\middleware\\error.middleware.ts","statementMap":{"0":{"start":{"line":13,"column":0},"end":{"line":13,"column":16}},"1":{"start":{"line":2,"column":0},"end":{"line":2,"column":58}},"2":{"start":{"line":3,"column":0},"end":{"line":3,"column":58}},"3":{"start":{"line":4,"column":0},"end":{"line":4,"column":37}},"4":{"start":{"line":20,"column":4},"end":{"line":25,"column":7}},"5":{"start":{"line":28,"column":26},"end":{"line":35,"column":6}},"6":{"start":{"line":38,"column":4},"end":{"line":46,"column":5}},"7":{"start":{"line":39,"column":8},"end":{"line":45,"column":11}},"8":{"start":{"line":48,"column":4},"end":{"line":56,"column":5}},"9":{"start":{"line":49,"column":8},"end":{"line":55,"column":11}},"10":{"start":{"line":59,"column":4},"end":{"line":61,"column":5}},"11":{"start":{"line":60,"column":8},"end":{"line":60,"column":51}},"12":{"start":{"line":64,"column":4},"end":{"line":71,"column":7}}},"fnMap":{"0":{"name":"errorMiddleware","decl":{"start":{"line":13,"column":16},"end":{"line":13,"column":31}},"loc":{"start":{"line":17,"column":22},"end":{"line":72,"column":1}}}},"branchMap":{"0":{"loc":{"start":{"line":38,"column":4},"end":{"line":46,"column":5}},"type":"if","locations":[{"start":{"line":38,"column":4},"end":{"line":46,"column":5}}]},"1":{"loc":{"start":{"line":48,"column":4},"end":{"line":56,"column":5}},"type":"if","locations":[{"start":{"line":48,"column":4},"end":{"line":56,"column":5}}]},"2":{"loc":{"start":{"line":59,"column":4},"end":{"line":61,"column":5}},"type":"if","locations":[{"start":{"line":59,"column":4},"end":{"line":61,"column":5}}]}},"s":{"0":0,"1":0,"2":0,"3":0,"4":0,"5":0,"6":0,"7":0,"8":0,"9":0,"10":0,"11":0,"12":0},"f":{"0":0},"b":{"0":[0],"1":[0],"2":[0]}},"G:\\NodeProjects\\Adaki\\Actual Working\\adaki-nfc\\src\\services\\auth.service.ts":{"path":"G:\\NodeProjects\\Adaki\\Actual Working\\adaki-nfc\\src\\services\\auth.service.ts","statementMap":{"0":{"start":{"line":1,"column":0},"end":{"line":1,"column":66}},"1":{"start":{"line":2,"column":0},"end":{"line":2,"column":42}},"2":{"start":{"line":3,"column":0},"end":{"line":3,"column":49}},"3":{"start":{"line":4,"column":0},"end":{"line":4,"column":37}},"4":{"start":{"line":14,"column":8},"end":{"line":60,"column":9}},"5":{"start":{"line":15,"column":12},"end":{"line":15,"column":74}},"6":{"start":{"line":18,"column":36},"end":{"line":23,"column":25}},"7":{"start":{"line":26,"column":12},"end":{"line":31,"column":13}},"8":{"start":{"line":27,"column":16},"end":{"line":29,"column":19}},"9":{"start":{"line":30,"column":16},"end":{"line":30,"column":65}},"10":{"start":{"line":34,"column":12},"end":{"line":37,"column":13}},"11":{"start":{"line":35,"column":16},"end":{"line":35,"column":76}},"12":{"start":{"line":36,"column":16},"end":{"line":36,"column":65}},"13":{"start":{"line":40,"column":12},"end":{"line":45,"column":13}},"14":{"start":{"line":41,"column":16},"end":{"line":43,"column":19}},"15":{"start":{"line":44,"column":16},"end":{"line":44,"column":69}},"16":{"start":{"line":47,"column":12},"end":{"line":50,"column":15}},"17":{"start":{"line":52,"column":12},"end":{"line":52,"column":24}},"18":{"start":{"line":54,"column":12},"end":{"line":56,"column":13}},"19":{"start":{"line":55,"column":16},"end":{"line":55,"column":28}},"20":{"start":{"line":58,"column":12},"end":{"line":58,"column":91}},"21":{"start":{"line":59,"column":12},"end":{"line":59,"column":70}},"22":{"start":{"line":70,"column":8},"end":{"line":102,"column":9}},"23":{"start":{"line":72,"column":24},"end":{"line":72,"column":40}},"24":{"start":{"line":75,"column":36},"end":{"line":84,"column":25}},"25":{"start":{"line":86,"column":12},"end":{"line":88,"column":13}},"26":{"start":{"line":87,"column":16},"end":{"line":87,"column":28}},"27":{"start":{"line":90,"column":12},"end":{"line":93,"column":15}},"28":{"start":{"line":95,"column":12},"end":{"line":98,"column":14}},"29":{"start":{"line":100,"column":12},"end":{"line":100,"column":89}},"30":{"start":{"line":101,"column":12},"end":{"line":101,"column":54}},"31":{"start":{"line":110,"column":8},"end":{"line":124,"column":9}},"32":{"start":{"line":111,"column":30},"end":{"line":114,"column":29}},"33":{"start":{"line":116,"column":12},"end":{"line":118,"column":13}},"34":{"start":{"line":117,"column":16},"end":{"line":117,"column":28}},"35":{"start":{"line":120,"column":12},"end":{"line":120,"column":85}},"36":{"start":{"line":122,"column":12},"end":{"line":122,"column":89}},"37":{"start":{"line":123,"column":12},"end":{"line":123,"column":54}},"38":{"start":{"line":6,"column":0},"end":{"line":6,"column":13}},"39":{"start":{"line":129,"column":0},"end":{"line":129,"column":33}}},"fnMap":{"0":{"name":"(anonymous_8)","decl":{"start":{"line":13,"column":10},"end":{"line":13,"column":24}},"loc":{"start":{"line":13,"column":39},"end":{"line":61,"column":null}}},"1":{"name":"(anonymous_10)","decl":{"start":{"line":69,"column":10},"end":{"line":69,"column":22}},"loc":{"start":{"line":69,"column":53},"end":{"line":103,"column":null}}},"2":{"name":"(anonymous_12)","decl":{"start":{"line":109,"column":10},"end":{"line":109,"column":22}},"loc":{"start":{"line":109,"column":33},"end":{"line":125,"column":null}}}},"branchMap":{"0":{"loc":{"start":{"line":26,"column":12},"end":{"line":31,"column":13}},"type":"if","locations":[{"start":{"line":26,"column":12},"end":{"line":31,"column":13}}]},"1":{"loc":{"start":{"line":34,"column":12},"end":{"line":37,"column":13}},"type":"if","locations":[{"start":{"line":34,"column":12},"end":{"line":37,"column":13}}]},"2":{"loc":{"start":{"line":40,"column":12},"end":{"line":45,"column":13}},"type":"if","locations":[{"start":{"line":40,"column":12},"end":{"line":45,"column":13}}]},"3":{"loc":{"start":{"line":40,"column":16},"end":{"line":40,"column":73}},"type":"binary-expr","locations":[{"start":{"line":40,"column":16},"end":{"line":40,"column":31}},{"start":{"line":40,"column":35},"end":{"line":40,"column":73}}]},"4":{"loc":{"start":{"line":54,"column":12},"end":{"line":56,"column":13}},"type":"if","locations":[{"start":{"line":54,"column":12},"end":{"line":56,"column":13}}]},"5":{"loc":{"start":{"line":81,"column":32},"end":{"line":81,"column":56}},"type":"cond-expr","locations":[{"start":{"line":81,"column":41},"end":{"line":81,"column":43}},{"start":{"line":81,"column":32},"end":{"line":81,"column":56}}]},"6":{"loc":{"start":{"line":81,"column":32},"end":{"line":81,"column":43}},"type":"binary-expr","locations":[{"start":{"line":81,"column":32},"end":{"line":81,"column":43}},{"start":{"line":81,"column":32},"end":{"line":81,"column":43}}]},"7":{"loc":{"start":{"line":86,"column":12},"end":{"line":88,"column":13}},"type":"if","locations":[{"start":{"line":86,"column":12},"end":{"line":88,"column":13}}]},"8":{"loc":{"start":{"line":116,"column":12},"end":{"line":118,"column":13}},"type":"if","locations":[{"start":{"line":116,"column":12},"end":{"line":118,"column":13}}]}},"s":{"0":0,"1":0,"2":0,"3":0,"4":0,"5":0,"6":0,"7":0,"8":0,"9":0,"10":0,"11":0,"12":0,"13":0,"14":0,"15":0,"16":0,"17":0,"18":0,"19":0,"20":0,"21":0,"22":0,"23":0,"24":0,"25":0,"26":0,"27":0,"28":0,"29":0,"30":0,"31":0,"32":0,"33":0,"34":0,"35":0,"36":0,"37":0,"38":0,"39":0},"f":{"0":0,"1":0,"2":0},"b":{"0":[0],"1":[0],"2":[0],"3":[0,0],"4":[0],"5":[0,0],"6":[0,0],"7":[0],"8":[0]}},"G:\\NodeProjects\\Adaki\\Actual Working\\adaki-nfc\\src\\utils\\logger.ts":{"path":"G:\\NodeProjects\\Adaki\\Actual Working\\adaki-nfc\\src\\utils\\logger.ts","statementMap":{"0":{"start":{"line":1,"column":0},"end":{"line":1,"column":30}},"1":{"start":{"line":4,"column":18},"end":{"line":8,"column":null}},"2":{"start":{"line":12,"column":15},"end":{"line":35,"column":2}},"3":{"start":{"line":21,"column":66},"end":{"line":21,"column":71}},"4":{"start":{"line":21,"column":75},"end":{"line":21,"column":79}},"5":{"start":{"line":22,"column":20},"end":{"line":23,"column":27}},"6":{"start":{"line":37,"column":0},"end":{"line":37,"column":22}}},"fnMap":{"0":{"name":"(anonymous_2)","decl":{"start":{"line":21,"column":38},"end":{"line":21,"column":39}},"loc":{"start":{"line":21,"column":81},"end":{"line":24,"column":17}}}},"branchMap":{"0":{"loc":{"start":{"line":13,"column":11},"end":{"line":13,"column":67}},"type":"cond-expr","locations":[{"start":{"line":13,"column":51},"end":{"line":13,"column":57}},{"start":{"line":13,"column":60},"end":{"line":13,"column":67}}]},"1":{"loc":{"start":{"line":22,"column":66},"end":{"line":22,"column":null}},"type":"cond-expr","locations":[{"start":{"line":22,"column":93},"end":{"line":22,"column":122}},{"start":{"line":22,"column":125},"end":{"line":22,"column":null}}]},"2":{"loc":{"start":{"line":28,"column":12},"end":{"line":33,"column":16}},"type":"cond-expr","locations":[{"start":{"line":29,"column":14},"end":{"line":32,"column":null}},{"start":{"line":33,"column":14},"end":{"line":33,"column":16}}]}},"s":{"0":0,"1":0,"2":0,"3":0,"4":0,"5":0,"6":0},"f":{"0":0},"b":{"0":[0,0],"1":[0,0],"2":[0,0]}},"G:\\NodeProjects\\Adaki\\Actual Working\\adaki-nfc\\src\\utils\\validation.ts":{"path":"G:\\NodeProjects\\Adaki\\Actual Working\\adaki-nfc\\src\\utils\\validation.ts","statementMap":{"0":{"start":{"line":9,"column":0},"end":{"line":9,"column":16}},"1":{"start":{"line":46,"column":0},"end":{"line":46,"column":16}},"2":{"start":{"line":2,"column":0},"end":{"line":2,"column":30}},"3":{"start":{"line":11,"column":4},"end":{"line":11,"column":65}},"4":{"start":{"line":14,"column":4},"end":{"line":17,"column":5}},"5":{"start":{"line":15,"column":8},"end":{"line":15,"column":74}},"6":{"start":{"line":16,"column":8},"end":{"line":16,"column":21}},"7":{"start":{"line":20,"column":4},"end":{"line":23,"column":5}},"8":{"start":{"line":21,"column":8},"end":{"line":21,"column":84}},"9":{"start":{"line":22,"column":8},"end":{"line":22,"column":21}},"10":{"start":{"line":25,"column":4},"end":{"line":28,"column":5}},"11":{"start":{"line":26,"column":8},"end":{"line":26,"column":84}},"12":{"start":{"line":27,"column":8},"end":{"line":27,"column":21}},"13":{"start":{"line":31,"column":4},"end":{"line":34,"column":5}},"14":{"start":{"line":32,"column":8},"end":{"line":32,"column":78}},"15":{"start":{"line":33,"column":8},"end":{"line":33,"column":21}},"16":{"start":{"line":38,"column":4},"end":{"line":38,"column":16}},"17":{"start":{"line":48,"column":4},"end":{"line":48,"column":61}}},"fnMap":{"0":{"name":"validateSumMessage","decl":{"start":{"line":9,"column":16},"end":{"line":9,"column":34}},"loc":{"start":{"line":9,"column":50},"end":{"line":39,"column":1}}},"1":{"name":"validateApiKeyFormat","decl":{"start":{"line":46,"column":16},"end":{"line":46,"column":36}},"loc":{"start":{"line":46,"column":48},"end":{"line":49,"column":1}}}},"branchMap":{"0":{"loc":{"start":{"line":14,"column":4},"end":{"line":17,"column":5}},"type":"if","locations":[{"start":{"line":14,"column":4},"end":{"line":17,"column":5}}]},"1":{"loc":{"start":{"line":14,"column":8},"end":{"line":14,"column":53}},"type":"binary-expr","locations":[{"start":{"line":14,"column":8},"end":{"line":14,"column":19}},{"start":{"line":14,"column":23},"end":{"line":14,"column":53}}]},"2":{"loc":{"start":{"line":20,"column":4},"end":{"line":23,"column":5}},"type":"if","locations":[{"start":{"line":20,"column":4},"end":{"line":23,"column":5}}]},"3":{"loc":{"start":{"line":20,"column":8},"end":{"line":20,"column":63}},"type":"binary-expr","locations":[{"start":{"line":20,"column":8},"end":{"line":20,"column":24}},{"start":{"line":20,"column":28},"end":{"line":20,"column":63}}]},"4":{"loc":{"start":{"line":25,"column":4},"end":{"line":28,"column":5}},"type":"if","locations":[{"start":{"line":25,"column":4},"end":{"line":28,"column":5}}]},"5":{"loc":{"start":{"line":25,"column":8},"end":{"line":25,"column":63}},"type":"binary-expr","locations":[{"start":{"line":25,"column":8},"end":{"line":25,"column":24}},{"start":{"line":25,"column":28},"end":{"line":25,"column":63}}]},"6":{"loc":{"start":{"line":31,"column":4},"end":{"line":34,"column":5}},"type":"if","locations":[{"start":{"line":31,"column":4},"end":{"line":34,"column":5}}]},"7":{"loc":{"start":{"line":31,"column":8},"end":{"line":31,"column":72}},"type":"binary-expr","locations":[{"start":{"line":31,"column":8},"end":{"line":31,"column":28}},{"start":{"line":31,"column":32},"end":{"line":31,"column":72}}]},"8":{"loc":{"start":{"line":48,"column":11},"end":{"line":48,"column":60}},"type":"binary-expr","locations":[{"start":{"line":48,"column":11},"end":{"line":48,"column":37}},{"start":{"line":48,"column":41},"end":{"line":48,"column":60}}]}},"s":{"0":0,"1":0,"2":0,"3":0,"4":0,"5":0,"6":0,"7":0,"8":0,"9":0,"10":0,"11":0,"12":0,"13":0,"14":0,"15":0,"16":0,"17":0},"f":{"0":0,"1":0},"b":{"0":[0],"1":[0,0],"2":[0],"3":[0,0],"4":[0],"5":[0,0],"6":[0],"7":[0,0],"8":[0,0]}},"G:\\NodeProjects\\Adaki\\Actual Working\\adaki-nfc\\src\\routes\\auth.routes.ts":{"path":"G:\\NodeProjects\\Adaki\\Actual Working\\adaki-nfc\\src\\routes\\auth.routes.ts","statementMap":{"0":{"start":{"line":1,"column":0},"end":{"line":1,"column":33}},"1":{"start":{"line":2,"column":0},"end":{"line":2,"column":60}},"2":{"start":{"line":3,"column":0},"end":{"line":3,"column":65}},"3":{"start":{"line":4,"column":0},"end":{"line":4,"column":63}},"4":{"start":{"line":6,"column":15},"end":{"line":6,"column":23}},"5":{"start":{"line":13,"column":0},"end":{"line":18,"column":2}},"6":{"start":{"line":25,"column":0},"end":{"line":30,"column":2}},"7":{"start":{"line":32,"column":0},"end":{"line":32,"column":22}}},"fnMap":{},"branchMap":{},"s":{"0":0,"1":0,"2":0,"3":0,"4":0,"5":0,"6":0,"7":0},"f":{},"b":{}},"G:\\NodeProjects\\Adaki\\Actual Working\\adaki-nfc\\src\\config\\redis.ts":{"path":"G:\\NodeProjects\\Adaki\\Actual Working\\adaki-nfc\\src\\config\\redis.ts","statementMap":{"0":{"start":{"line":1,"column":0},"end":{"line":1,"column":37}},"1":{"start":{"line":2,"column":0},"end":{"line":2,"column":37}},"2":{"start":{"line":5,"column":17},"end":{"line":5,"column":66}},"3":{"start":{"line":8,"column":13},"end":{"line":21,"column":3}},"4":{"start":{"line":13,"column":12},"end":{"line":16,"column":13}},"5":{"start":{"line":14,"column":16},"end":{"line":14,"column":119}},"6":{"start":{"line":15,"column":16},"end":{"line":15,"column":72}},"7":{"start":{"line":18,"column":12},"end":{"line":18,"column":50}},"8":{"start":{"line":24,"column":23},"end":{"line":24,"column":28}},"9":{"start":{"line":27,"column":0},"end":{"line":52,"column":1}},"10":{"start":{"line":29,"column":4},"end":{"line":38,"column":9}},"11":{"start":{"line":29,"column":16},"end":{"line":38,"column":6}},"12":{"start":{"line":30,"column":8},"end":{"line":37,"column":9}},"13":{"start":{"line":31,"column":12},"end":{"line":31,"column":40}},"14":{"start":{"line":32,"column":12},"end":{"line":32,"column":36}},"15":{"start":{"line":33,"column":12},"end":{"line":33,"column":73}},"16":{"start":{"line":35,"column":12},"end":{"line":35,"column":110}},"17":{"start":{"line":41,"column":21},"end":{"line":41,"column":22}},"18":{"start":{"line":42,"column":4},"end":{"line":51,"column":7}},"19":{"start":{"line":44,"column":8},"end":{"line":50,"column":9}},"20":{"start":{"line":45,"column":12},"end":{"line":45,"column":69}},"21":{"start":{"line":46,"column":12},"end":{"line":46,"column":25}},"22":{"start":{"line":47,"column":15},"end":{"line":50,"column":9}},"23":{"start":{"line":48,"column":12},"end":{"line":48,"column":90}},"24":{"start":{"line":49,"column":12},"end":{"line":49,"column":25}},"25":{"start":{"line":55,"column":32},"end":{"line":55,"column":54}},"26":{"start":{"line":55,"column":38},"end":{"line":55,"column":54}},"27":{"start":{"line":55,"column":13},"end":{"line":55,"column":32}},"28":{"start":{"line":57,"column":0},"end":{"line":57,"column":27}}},"fnMap":{"0":{"name":"(anonymous_8)","decl":{"start":{"line":11,"column":27},"end":{"line":11,"column":28}},"loc":{"start":{"line":11,"column":39},"end":{"line":19,"column":9}}},"1":{"name":"(anonymous_9)","decl":{"start":{"line":29,"column":5},"end":{"line":29,"column":14}},"loc":{"start":{"line":29,"column":16},"end":{"line":38,"column":6}}},"2":{"name":"(anonymous_10)","decl":{"start":{"line":29,"column":16},"end":{"line":29,"column":null}},"loc":{"start":{"line":29,"column":16},"end":{"line":38,"column":5}}},"3":{"name":"(anonymous_11)","decl":{"start":{"line":42,"column":28},"end":{"line":42,"column":29}},"loc":{"start":{"line":42,"column":38},"end":{"line":51,"column":5}}},"4":{"name":"(anonymous_12)","decl":{"start":{"line":55,"column":32},"end":{"line":55,"column":35}},"loc":{"start":{"line":55,"column":38},"end":{"line":55,"column":54}}}},"branchMap":{"0":{"loc":{"start":{"line":5,"column":17},"end":{"line":5,"column":66}},"type":"binary-expr","locations":[{"start":{"line":5,"column":17},"end":{"line":5,"column":38}},{"start":{"line":5,"column":42},"end":{"line":5,"column":66}}]},"1":{"loc":{"start":{"line":13,"column":12},"end":{"line":16,"column":13}},"type":"if","locations":[{"start":{"line":13,"column":12},"end":{"line":16,"column":13}}]},"2":{"loc":{"start":{"line":27,"column":0},"end":{"line":52,"column":1}},"type":"if","locations":[{"start":{"line":27,"column":0},"end":{"line":52,"column":1}}]},"3":{"loc":{"start":{"line":44,"column":8},"end":{"line":50,"column":9}},"type":"if","locations":[{"start":{"line":44,"column":8},"end":{"line":50,"column":9}},{"start":{"line":47,"column":15},"end":{"line":50,"column":9}}]},"4":{"loc":{"start":{"line":47,"column":15},"end":{"line":50,"column":9}},"type":"if","locations":[{"start":{"line":47,"column":15},"end":{"line":50,"column":9}}]}},"s":{"0":0,"1":0,"2":0,"3":0,"4":0,"5":0,"6":0,"7":0,"8":0,"9":0,"10":0,"11":0,"12":0,"13":0,"14":0,"15":0,"16":0,"17":0,"18":0,"19":0,"20":0,"21":0,"22":0,"23":0,"24":0,"25":0,"26":0,"27":0,"28":0},"f":{"0":0,"1":0,"2":0,"3":0,"4":0},"b":{"0":[0,0],"1":[0],"2":[0],"3":[0,0],"4":[0]}},"G:\\NodeProjects\\Adaki\\Actual Working\\adaki-nfc\\src\\types\\nfc.types.ts":{"path":"G:\\NodeProjects\\Adaki\\Actual Working\\adaki-nfc\\src\\types\\nfc.types.ts","statementMap":{"0":{"start":{"line":26,"column":8},"end":{"line":26,"column":23}},"1":{"start":{"line":27,"column":8},"end":{"line":27,"column":43}},"2":{"start":{"line":24,"column":0},"end":{"line":24,"column":13}}},"fnMap":{"0":{"name":"(anonymous_0)","decl":{"start":{"line":25,"column":4},"end":{"line":25,"column":16}},"loc":{"start":{"line":25,"column":31},"end":{"line":28,"column":5}}}},"branchMap":{},"s":{"0":0,"1":0,"2":0},"f":{"0":0},"b":{}},"G:\\NodeProjects\\Adaki\\Actual Working\\adaki-nfc\\src\\app.ts":{"path":"G:\\NodeProjects\\Adaki\\Actual Working\\adaki-nfc\\src\\app.ts","statementMap":{"0":{"start":{"line":1,"column":0},"end":{"line":1,"column":30}},"1":{"start":{"line":2,"column":0},"end":{"line":2,"column":28}},"2":{"start":{"line":3,"column":0},"end":{"line":3,"column":38}},"3":{"start":{"line":4,"column":0},"end":{"line":4,"column":24}},"4":{"start":{"line":5,"column":0},"end":{"line":5,"column":28}},"5":{"start":{"line":8,"column":0},"end":{"line":8,"column":16}},"6":{"start":{"line":11,"column":0},"end":{"line":11,"column":44}},"7":{"start":{"line":12,"column":0},"end":{"line":12,"column":46}},"8":{"start":{"line":15,"column":0},"end":{"line":15,"column":64}},"9":{"start":{"line":18,"column":0},"end":{"line":18,"column":34}},"10":{"start":{"line":19,"column":0},"end":{"line":19,"column":36}},"11":{"start":{"line":22,"column":12},"end":{"line":22,"column":21}},"12":{"start":{"line":25,"column":0},"end":{"line":25,"column":18}},"13":{"start":{"line":26,"column":0},"end":{"line":26,"column":23}},"14":{"start":{"line":27,"column":0},"end":{"line":27,"column":24}},"15":{"start":{"line":28,"column":0},"end":{"line":32,"column":4}},"16":{"start":{"line":35,"column":0},"end":{"line":42,"column":3}},"17":{"start":{"line":36,"column":4},"end":{"line":41,"column":7}},"18":{"start":{"line":45,"column":0},"end":{"line":45,"column":31}},"19":{"start":{"line":46,"column":0},"end":{"line":46,"column":33}},"20":{"start":{"line":49,"column":0},"end":{"line":58,"column":3}},"21":{"start":{"line":50,"column":4},"end":{"line":57,"column":7}},"22":{"start":{"line":61,"column":0},"end":{"line":61,"column":25}},"23":{"start":{"line":64,"column":0},"end":{"line":68,"column":1}},"24":{"start":{"line":65,"column":4},"end":{"line":67,"column":7}},"25":{"start":{"line":66,"column":8},"end":{"line":66,"column":110}},"26":{"start":{"line":70,"column":0},"end":{"line":70,"column":19}}},"fnMap":{"0":{"name":"(anonymous_1)","decl":{"start":{"line":35,"column":19},"end":{"line":35,"column":20}},"loc":{"start":{"line":35,"column":32},"end":{"line":42,"column":1}}},"1":{"name":"(anonymous_2)","decl":{"start":{"line":49,"column":8},"end":{"line":49,"column":9}},"loc":{"start":{"line":49,"column":21},"end":{"line":58,"column":1}}},"2":{"name":"(anonymous_3)","decl":{"start":{"line":65,"column":35},"end":{"line":65,"column":38}},"loc":{"start":{"line":65,"column":40},"end":{"line":67,"column":5}}}},"branchMap":{"0":{"loc":{"start":{"line":39,"column":17},"end":{"line":39,"column":59}},"type":"binary-expr","locations":[{"start":{"line":39,"column":17},"end":{"line":39,"column":48}},{"start":{"line":39,"column":52},"end":{"line":39,"column":59}}]},"1":{"loc":{"start":{"line":64,"column":0},"end":{"line":68,"column":1}},"type":"if","locations":[{"start":{"line":64,"column":0},"end":{"line":68,"column":1}}]}},"s":{"0":0,"1":0,"2":0,"3":0,"4":0,"5":0,"6":0,"7":0,"8":0,"9":0,"10":0,"11":0,"12":0,"13":0,"14":0,"15":0,"16":0,"17":0,"18":0,"19":0,"20":0,"21":0,"22":0,"23":0,"24":0,"25":0,"26":0},"f":{"0":0,"1":0,"2":0},"b":{"0":[0,0],"1":[0]}},"G:\\NodeProjects\\Adaki\\Actual Working\\adaki-nfc\\src\\middleware\\rate-limit.ts":{"path":"G:\\NodeProjects\\Adaki\\Actual Working\\adaki-nfc\\src\\middleware\\rate-limit.ts","statementMap":{"0":{"start":{"line":1,"column":0},"end":{"line":1,"column":43}},"1":{"start":{"line":3,"column":0},"end":{"line":3,"column":42}},"2":{"start":{"line":4,"column":0},"end":{"line":4,"column":46}},"3":{"start":{"line":5,"column":0},"end":{"line":5,"column":35}},"4":{"start":{"line":6,"column":0},"end":{"line":6,"column":37}},"5":{"start":{"line":19,"column":40},"end":{"line":51,"column":2}},"6":{"start":{"line":37,"column":8},"end":{"line":40,"column":11}},"7":{"start":{"line":42,"column":8},"end":{"line":49,"column":11}},"8":{"start":{"line":54,"column":13},"end":{"line":68,"column":35}},"9":{"start":{"line":61,"column":57},"end":{"line":63,"column":null}},"10":{"start":{"line":62,"column":20},"end":{"line":62,"column":57}},"11":{"start":{"line":71,"column":0},"end":{"line":75,"column":3}}},"fnMap":{"0":{"name":"(anonymous_8)","decl":{"start":{"line":36,"column":13},"end":{"line":36,"column":14}},"loc":{"start":{"line":36,"column":71},"end":{"line":50,"column":5}}},"1":{"name":"(anonymous_9)","decl":{"start":{"line":61,"column":29},"end":{"line":61,"column":36}},"loc":{"start":{"line":61,"column":57},"end":{"line":63,"column":null}}},"2":{"name":"(anonymous_10)","decl":{"start":{"line":61,"column":57},"end":{"line":61,"column":null}},"loc":{"start":{"line":61,"column":57},"end":{"line":63,"column":17}}}},"branchMap":{"0":{"loc":{"start":{"line":56,"column":4},"end":{"line":68,"column":34}},"type":"cond-expr","locations":[{"start":{"line":57,"column":10},"end":{"line":66,"column":null}},{"start":{"line":68,"column":10},"end":{"line":68,"column":34}}]}},"s":{"0":0,"1":0,"2":0,"3":0,"4":0,"5":0,"6":0,"7":0,"8":0,"9":0,"10":0,"11":0},"f":{"0":0,"1":0,"2":0},"b":{"0":[0,0]}},"G:\\NodeProjects\\Adaki\\Actual Working\\adaki-nfc\\src\\config\\app.ts":{"path":"G:\\NodeProjects\\Adaki\\Actual Working\\adaki-nfc\\src\\config\\app.ts","statementMap":{"0":{"start":{"line":1,"column":0},"end":{"line":1,"column":28}},"1":{"start":{"line":2,"column":0},"end":{"line":2,"column":37}},"2":{"start":{"line":5,"column":0},"end":{"line":5,"column":16}},"3":{"start":{"line":8,"column":15},"end":{"line":29,"column":2}},"4":{"start":{"line":31,"column":0},"end":{"line":34,"column":3}},"5":{"start":{"line":36,"column":0},"end":{"line":36,"column":22}}},"fnMap":{},"branchMap":{"0":{"loc":{"start":{"line":11,"column":23},"end":{"line":11,"column":49}},"type":"binary-expr","locations":[{"start":{"line":11,"column":23},"end":{"line":11,"column":39}},{"start":{"line":11,"column":43},"end":{"line":11,"column":49}}]},"1":{"loc":{"start":{"line":12,"column":17},"end":{"line":12,"column":54}},"type":"binary-expr","locations":[{"start":{"line":12,"column":17},"end":{"line":12,"column":37}},{"start":{"line":12,"column":41},"end":{"line":12,"column":54}}]},"2":{"loc":{"start":{"line":13,"column":24},"end":{"line":13,"column":72}},"type":"binary-expr","locations":[{"start":{"line":13,"column":24},"end":{"line":13,"column":63}},{"start":{"line":13,"column":67},"end":{"line":13,"column":72}}]},"3":{"loc":{"start":{"line":13,"column":24},"end":{"line":13,"column":63}},"type":"cond-expr","locations":[{"start":{"line":13,"column":51},"end":{"line":13,"column":53}},{"start":{"line":13,"column":51},"end":{"line":13,"column":63}}]},"4":{"loc":{"start":{"line":13,"column":24},"end":{"line":13,"column":53}},"type":"binary-expr","locations":[{"start":{"line":13,"column":24},"end":{"line":13,"column":53}},{"start":{"line":13,"column":51},"end":{"line":13,"column":53}}]},"5":{"loc":{"start":{"line":18,"column":23},"end":{"line":18,"column":77}},"type":"binary-expr","locations":[{"start":{"line":18,"column":23},"end":{"line":18,"column":50}},{"start":{"line":18,"column":54},"end":{"line":18,"column":77}}]},"6":{"loc":{"start":{"line":26,"column":17},"end":{"line":26,"column":67}},"type":"cond-expr","locations":[{"start":{"line":26,"column":57},"end":{"line":26,"column":60}},{"start":{"line":26,"column":63},"end":{"line":26,"column":67}}]}},"s":{"0":0,"1":0,"2":0,"3":0,"4":0,"5":0},"f":{},"b":{"0":[0,0],"1":[0,0],"2":[0,0],"3":[0,0],"4":[0,0],"5":[0,0],"6":[0,0]}},"G:\\NodeProjects\\Adaki\\Actual Working\\adaki-nfc\\src\\services\\storage.service.ts":{"path":"G:\\NodeProjects\\Adaki\\Actual Working\\adaki-nfc\\src\\services\\storage.service.ts","statementMap":{"0":{"start":{"line":2,"column":0},"end":{"line":2,"column":42}},"1":{"start":{"line":3,"column":0},"end":{"line":3,"column":37}},"2":{"start":{"line":18,"column":8},"end":{"line":55,"column":9}},"3":{"start":{"line":19,"column":12},"end":{"line":22,"column":15}},"4":{"start":{"line":25,"column":59},"end":{"line":31,"column":14}},"5":{"start":{"line":34,"column":49},"end":{"line":36,"column":43}},"6":{"start":{"line":38,"column":12},"end":{"line":40,"column":13}},"7":{"start":{"line":39,"column":16},"end":{"line":39,"column":40}},"8":{"start":{"line":43,"column":12},"end":{"line":45,"column":13}},"9":{"start":{"line":44,"column":16},"end":{"line":44,"column":57}},"10":{"start":{"line":47,"column":12},"end":{"line":50,"column":15}},"11":{"start":{"line":52,"column":12},"end":{"line":52,"column":96}},"12":{"start":{"line":64,"column":8},"end":{"line":112,"column":9}},"13":{"start":{"line":66,"column":61},"end":{"line":70,"column":25}},"14":{"start":{"line":72,"column":12},"end":{"line":74,"column":13}},"15":{"start":{"line":73,"column":16},"end":{"line":73,"column":33}},"16":{"start":{"line":76,"column":12},"end":{"line":105,"column":13}},"17":{"start":{"line":78,"column":47},"end":{"line":84,"column":40}},"18":{"start":{"line":86,"column":16},"end":{"line":88,"column":17}},"19":{"start":{"line":87,"column":20},"end":{"line":87,"column":38}},"20":{"start":{"line":91,"column":42},"end":{"line":96,"column":18}},"21":{"start":{"line":98,"column":47},"end":{"line":100,"column":35}},"22":{"start":{"line":102,"column":16},"end":{"line":104,"column":17}},"23":{"start":{"line":103,"column":20},"end":{"line":103,"column":38}},"24":{"start":{"line":107,"column":12},"end":{"line":110,"column":15}},"25":{"start":{"line":111,"column":12},"end":{"line":111,"column":24}},"26":{"start":{"line":121,"column":8},"end":{"line":139,"column":9}},"27":{"start":{"line":122,"column":36},"end":{"line":126,"column":25}},"28":{"start":{"line":128,"column":12},"end":{"line":130,"column":13}},"29":{"start":{"line":129,"column":16},"end":{"line":129,"column":28}},"30":{"start":{"line":132,"column":12},"end":{"line":132,"column":24}},"31":{"start":{"line":134,"column":12},"end":{"line":137,"column":15}},"32":{"start":{"line":138,"column":12},"end":{"line":138,"column":24}},"33":{"start":{"line":5,"column":0},"end":{"line":5,"column":13}},"34":{"start":{"line":144,"column":0},"end":{"line":144,"column":36}}},"fnMap":{"0":{"name":"(anonymous_8)","decl":{"start":{"line":13,"column":10},"end":{"line":13,"column":25}},"loc":{"start":{"line":16,"column":26},"end":{"line":56,"column":null}}},"1":{"name":"(anonymous_10)","decl":{"start":{"line":63,"column":18},"end":{"line":63,"column":33}},"loc":{"start":{"line":63,"column":47},"end":{"line":113,"column":null}}},"2":{"name":"(anonymous_12)","decl":{"start":{"line":120,"column":10},"end":{"line":120,"column":26}},"loc":{"start":{"line":120,"column":40},"end":{"line":140,"column":null}}}},"branchMap":{"0":{"loc":{"start":{"line":28,"column":26},"end":{"line":28,"column":47}},"type":"binary-expr","locations":[{"start":{"line":28,"column":26},"end":{"line":28,"column":41}},{"start":{"line":28,"column":45},"end":{"line":28,"column":47}}]},"1":{"loc":{"start":{"line":38,"column":12},"end":{"line":40,"column":13}},"type":"if","locations":[{"start":{"line":38,"column":12},"end":{"line":40,"column":13}}]},"2":{"loc":{"start":{"line":43,"column":12},"end":{"line":45,"column":13}},"type":"if","locations":[{"start":{"line":43,"column":12},"end":{"line":45,"column":13}}]},"3":{"loc":{"start":{"line":72,"column":12},"end":{"line":74,"column":13}},"type":"if","locations":[{"start":{"line":72,"column":12},"end":{"line":74,"column":13}}]},"4":{"loc":{"start":{"line":72,"column":16},"end":{"line":72,"column":60}},"type":"binary-expr","locations":[{"start":{"line":72,"column":16},"end":{"line":72,"column":26}},{"start":{"line":72,"column":30},"end":{"line":72,"column":60}}]},"5":{"loc":{"start":{"line":76,"column":12},"end":{"line":105,"column":13}},"type":"if","locations":[{"start":{"line":76,"column":12},"end":{"line":105,"column":13}},{"start":{"line":89,"column":19},"end":{"line":105,"column":13}}]},"6":{"loc":{"start":{"line":86,"column":16},"end":{"line":88,"column":17}},"type":"if","locations":[{"start":{"line":86,"column":16},"end":{"line":88,"column":17}}]},"7":{"loc":{"start":{"line":102,"column":16},"end":{"line":104,"column":17}},"type":"if","locations":[{"start":{"line":102,"column":16},"end":{"line":104,"column":17}}]},"8":{"loc":{"start":{"line":128,"column":12},"end":{"line":130,"column":13}},"type":"if","locations":[{"start":{"line":128,"column":12},"end":{"line":130,"column":13}}]}},"s":{"0":0,"1":0,"2":0,"3":0,"4":0,"5":0,"6":0,"7":0,"8":0,"9":0,"10":0,"11":0,"12":0,"13":0,"14":0,"15":0,"16":0,"17":0,"18":0,"19":0,"20":0,"21":0,"22":0,"23":0,"24":0,"25":0,"26":0,"27":0,"28":0,"29":0,"30":0,"31":0,"32":0,"33":0,"34":0},"f":{"0":0,"1":0,"2":0},"b":{"0":[0,0],"1":[0],"2":[0],"3":[0],"4":[0,0],"5":[0,0],"6":[0],"7":[0],"8":[0]}},"G:\\NodeProjects\\Adaki\\Actual Working\\adaki-nfc\\src\\utils\\test-logger.ts":{"path":"G:\\NodeProjects\\Adaki\\Actual Working\\adaki-nfc\\src\\utils\\test-logger.ts","statementMap":{"0":{"start":{"line":2,"column":0},"end":{"line":2,"column":20}},"1":{"start":{"line":3,"column":0},"end":{"line":3,"column":24}},"2":{"start":{"line":11,"column":8},"end":{"line":13,"column":9}},"3":{"start":{"line":12,"column":12},"end":{"line":12,"column":65}},"4":{"start":{"line":16,"column":26},"end":{"line":16,"column":50}},"5":{"start":{"line":17,"column":8},"end":{"line":21,"column":10}},"6":{"start":{"line":25,"column":23},"end":{"line":25,"column":47}},"7":{"start":{"line":26,"column":22},"end":{"line":26,"column":103}},"8":{"start":{"line":28,"column":8},"end":{"line":28,"column":53}},"9":{"start":{"line":32,"column":8},"end":{"line":35,"column":10}},"10":{"start":{"line":5,"column":0},"end":{"line":5,"column":13}},"11":{"start":{"line":6,"column":19},"end":{"line":6,"column":66}},"12":{"start":{"line":7,"column":19},"end":{"line":7,"column":78}}},"fnMap":{"0":{"name":"(anonymous_1)","decl":{"start":{"line":9,"column":4},"end":{"line":9,"column":10}},"loc":{"start":{"line":9,"column":15},"end":{"line":22,"column":5}}},"1":{"name":"(anonymous_2)","decl":{"start":{"line":24,"column":4},"end":{"line":24,"column":10}},"loc":{"start":{"line":24,"column":73},"end":{"line":29,"column":5}}},"2":{"name":"(anonymous_3)","decl":{"start":{"line":31,"column":4},"end":{"line":31,"column":10}},"loc":{"start":{"line":31,"column":36},"end":{"line":36,"column":5}}}},"branchMap":{"0":{"loc":{"start":{"line":11,"column":8},"end":{"line":13,"column":9}},"type":"if","locations":[{"start":{"line":11,"column":8},"end":{"line":13,"column":9}}]},"1":{"loc":{"start":{"line":25,"column":23},"end":{"line":25,"column":47}},"type":"cond-expr","locations":[{"start":{"line":25,"column":32},"end":{"line":25,"column":38}},{"start":{"line":25,"column":41},"end":{"line":25,"column":47}}]},"2":{"loc":{"start":{"line":26,"column":50},"end":{"line":26,"column":97}},"type":"cond-expr","locations":[{"start":{"line":26,"column":60},"end":{"line":26,"column":92}},{"start":{"line":26,"column":95},"end":{"line":26,"column":97}}]}},"s":{"0":0,"1":0,"2":0,"3":0,"4":0,"5":0,"6":0,"7":0,"8":0,"9":0,"10":0,"11":0,"12":0},"f":{"0":0,"1":0,"2":0},"b":{"0":[0],"1":[0,0],"2":[0,0]}},"G:\\NodeProjects\\Adaki\\Actual Working\\adaki-nfc\\src\\routes\\nfc.routes.ts":{"path":"G:\\NodeProjects\\Adaki\\Actual Working\\adaki-nfc\\src\\routes\\nfc.routes.ts","statementMap":{"0":{"start":{"line":1,"column":0},"end":{"line":1,"column":33}},"1":{"start":{"line":2,"column":0},"end":{"line":2,"column":58}},"2":{"start":{"line":3,"column":0},"end":{"line":3,"column":65}},"3":{"start":{"line":4,"column":0},"end":{"line":4,"column":63}},"4":{"start":{"line":6,"column":15},"end":{"line":6,"column":23}},"5":{"start":{"line":13,"column":0},"end":{"line":18,"column":2}},"6":{"start":{"line":25,"column":0},"end":{"line":30,"column":2}},"7":{"start":{"line":32,"column":0},"end":{"line":32,"column":22}}},"fnMap":{},"branchMap":{},"s":{"0":0,"1":0,"2":0,"3":0,"4":0,"5":0,"6":0,"7":0},"f":{},"b":{}},"G:\\NodeProjects\\Adaki\\Actual Working\\adaki-nfc\\src\\controllers\\nfc.controller.ts":{"path":"G:\\NodeProjects\\Adaki\\Actual Working\\adaki-nfc\\src\\controllers\\nfc.controller.ts","statementMap":{"0":{"start":{"line":2,"column":0},"end":{"line":2,"column":70}},"1":{"start":{"line":3,"column":0},"end":{"line":3,"column":49}},"2":{"start":{"line":4,"column":0},"end":{"line":4,"column":57}},"3":{"start":{"line":5,"column":0},"end":{"line":5,"column":37}},"4":{"start":{"line":15,"column":8},"end":{"line":73,"column":9}},"5":{"start":{"line":16,"column":35},"end":{"line":16,"column":43}},"6":{"start":{"line":19,"column":12},"end":{"line":31,"column":13}},"7":{"start":{"line":20,"column":16},"end":{"line":20,"column":90}},"8":{"start":{"line":22,"column":16},"end":{"line":29,"column":19}},"9":{"start":{"line":30,"column":16},"end":{"line":30,"column":23}},"10":{"start":{"line":34,"column":27},"end":{"line":37,"column":null}},"11":{"start":{"line":41,"column":12},"end":{"line":51,"column":15}},"12":{"start":{"line":55,"column":12},"end":{"line":69,"column":13}},"13":{"start":{"line":56,"column":16},"end":{"line":58,"column":19}},"14":{"start":{"line":60,"column":16},"end":{"line":67,"column":19}},"15":{"start":{"line":68,"column":16},"end":{"line":68,"column":23}},"16":{"start":{"line":72,"column":12},"end":{"line":72,"column":24}},"17":{"start":{"line":83,"column":8},"end":{"line":120,"column":9}},"18":{"start":{"line":84,"column":30},"end":{"line":84,"column":40}},"19":{"start":{"line":86,"column":12},"end":{"line":96,"column":13}},"20":{"start":{"line":87,"column":16},"end":{"line":94,"column":19}},"21":{"start":{"line":95,"column":16},"end":{"line":95,"column":23}},"22":{"start":{"line":98,"column":31},"end":{"line":98,"column":71}},"23":{"start":{"line":100,"column":12},"end":{"line":110,"column":13}},"24":{"start":{"line":101,"column":16},"end":{"line":108,"column":19}},"25":{"start":{"line":109,"column":16},"end":{"line":109,"column":23}},"26":{"start":{"line":112,"column":12},"end":{"line":116,"column":15}},"27":{"start":{"line":119,"column":12},"end":{"line":119,"column":24}},"28":{"start":{"line":7,"column":0},"end":{"line":7,"column":13}},"29":{"start":{"line":125,"column":0},"end":{"line":125,"column":35}}},"fnMap":{"0":{"name":"(anonymous_8)","decl":{"start":{"line":14,"column":10},"end":{"line":14,"column":19}},"loc":{"start":{"line":14,"column":67},"end":{"line":74,"column":null}}},"1":{"name":"(anonymous_10)","decl":{"start":{"line":82,"column":10},"end":{"line":82,"column":26}},"loc":{"start":{"line":82,"column":74},"end":{"line":121,"column":null}}}},"branchMap":{"0":{"loc":{"start":{"line":19,"column":12},"end":{"line":31,"column":13}},"type":"if","locations":[{"start":{"line":19,"column":12},"end":{"line":31,"column":13}}]},"1":{"loc":{"start":{"line":55,"column":12},"end":{"line":69,"column":13}},"type":"if","locations":[{"start":{"line":55,"column":12},"end":{"line":69,"column":13}}]},"2":{"loc":{"start":{"line":86,"column":12},"end":{"line":96,"column":13}},"type":"if","locations":[{"start":{"line":86,"column":12},"end":{"line":96,"column":13}}]},"3":{"loc":{"start":{"line":100,"column":12},"end":{"line":110,"column":13}},"type":"if","locations":[{"start":{"line":100,"column":12},"end":{"line":110,"column":13}}]}},"s":{"0":0,"1":0,"2":0,"3":0,"4":0,"5":0,"6":0,"7":0,"8":0,"9":0,"10":0,"11":0,"12":0,"13":0,"14":0,"15":0,"16":0,"17":0,"18":0,"19":0,"20":0,"21":0,"22":0,"23":0,"24":0,"25":0,"26":0,"27":0,"28":0,"29":0},"f":{"0":0,"1":0},"b":{"0":[0],"1":[0],"2":[0],"3":[0]}},"G:\\NodeProjects\\Adaki\\Actual Working\\adaki-nfc\\src\\services\\nfc.service.ts":{"path":"G:\\NodeProjects\\Adaki\\Actual Working\\adaki-nfc\\src\\services\\nfc.service.ts","statementMap":{"0":{"start":{"line":1,"column":0},"end":{"line":1,"column":90}},"1":{"start":{"line":2,"column":0},"end":{"line":2,"column":39}},"2":{"start":{"line":3,"column":0},"end":{"line":3,"column":47}},"3":{"start":{"line":4,"column":0},"end":{"line":4,"column":37}},"4":{"start":{"line":19,"column":8},"end":{"line":57,"column":9}},"5":{"start":{"line":20,"column":12},"end":{"line":20,"column":85}},"6":{"start":{"line":23,"column":27},"end":{"line":23,"column":68}},"7":{"start":{"line":26,"column":12},"end":{"line":26,"column":79}},"8":{"start":{"line":28,"column":12},"end":{"line":28,"column":26}},"9":{"start":{"line":31,"column":12},"end":{"line":52,"column":13}},"10":{"start":{"line":33,"column":16},"end":{"line":49,"column":17}},"11":{"start":{"line":34,"column":20},"end":{"line":48,"column":21}},"12":{"start":{"line":35,"column":65},"end":{"line":40,"column":26}},"13":{"start":{"line":42,"column":24},"end":{"line":42,"column":97}},"14":{"start":{"line":45,"column":24},"end":{"line":47,"column":27}},"15":{"start":{"line":51,"column":16},"end":{"line":51,"column":28}},"16":{"start":{"line":55,"column":12},"end":{"line":55,"column":95}},"17":{"start":{"line":56,"column":12},"end":{"line":56,"column":84}},"18":{"start":{"line":66,"column":8},"end":{"line":71,"column":9}},"19":{"start":{"line":67,"column":12},"end":{"line":67,"column":64}},"20":{"start":{"line":69,"column":12},"end":{"line":69,"column":94}},"21":{"start":{"line":70,"column":12},"end":{"line":70,"column":63}},"22":{"start":{"line":6,"column":0},"end":{"line":6,"column":13}},"23":{"start":{"line":76,"column":0},"end":{"line":76,"column":32}}},"fnMap":{"0":{"name":"(anonymous_8)","decl":{"start":{"line":14,"column":10},"end":{"line":14,"column":22}},"loc":{"start":{"line":17,"column":26},"end":{"line":58,"column":null}}},"1":{"name":"(anonymous_10)","decl":{"start":{"line":65,"column":10},"end":{"line":65,"column":26}},"loc":{"start":{"line":65,"column":40},"end":{"line":72,"column":null}}}},"branchMap":{"0":{"loc":{"start":{"line":31,"column":12},"end":{"line":52,"column":13}},"type":"if","locations":[{"start":{"line":31,"column":12},"end":{"line":52,"column":13}}]},"1":{"loc":{"start":{"line":33,"column":16},"end":{"line":49,"column":17}},"type":"if","locations":[{"start":{"line":33,"column":16},"end":{"line":49,"column":17}}]},"2":{"loc":{"start":{"line":33,"column":20},"end":{"line":33,"column":83}},"type":"binary-expr","locations":[{"start":{"line":33,"column":20},"end":{"line":33,"column":69}},{"start":{"line":33,"column":73},"end":{"line":33,"column":83}}]}},"s":{"0":0,"1":0,"2":0,"3":0,"4":0,"5":0,"6":0,"7":0,"8":0,"9":0,"10":0,"11":0,"12":0,"13":0,"14":0,"15":0,"16":0,"17":0,"18":0,"19":0,"20":0,"21":0,"22":0,"23":0},"f":{"0":0,"1":0},"b":{"0":[0],"1":[0],"2":[0,0]}},"G:\\NodeProjects\\Adaki\\Actual Working\\adaki-nfc\\src\\utils\\crypto.ts":{"path":"G:\\NodeProjects\\Adaki\\Actual Working\\adaki-nfc\\src\\utils\\crypto.ts","statementMap":{"0":{"start":{"line":8,"column":0},"end":{"line":8,"column":16}},"1":{"start":{"line":27,"column":0},"end":{"line":27,"column":16}},"2":{"start":{"line":37,"column":0},"end":{"line":37,"column":16}},"3":{"start":{"line":1,"column":0},"end":{"line":1,"column":28}},"4":{"start":{"line":2,"column":0},"end":{"line":2,"column":30}},"5":{"start":{"line":9,"column":4},"end":{"line":19,"column":5}},"6":{"start":{"line":11,"column":23},"end":{"line":11,"column":45}},"7":{"start":{"line":13,"column":20},"end":{"line":13,"column":74}},"8":{"start":{"line":15,"column":8},"end":{"line":15,"column":19}},"9":{"start":{"line":17,"column":8},"end":{"line":17,"column":78}},"10":{"start":{"line":18,"column":8},"end":{"line":18,"column":61}},"11":{"start":{"line":28,"column":4},"end":{"line":28,"column":66}},"12":{"start":{"line":39,"column":4},"end":{"line":60,"column":5}},"13":{"start":{"line":40,"column":21},"end":{"line":40,"column":35}},"14":{"start":{"line":41,"column":21},"end":{"line":41,"column":35}},"15":{"start":{"line":45,"column":8},"end":{"line":54,"column":9}},"16":{"start":{"line":46,"column":30},"end":{"line":46,"column":64}},"17":{"start":{"line":47,"column":28},"end":{"line":47,"column":54}},"18":{"start":{"line":48,"column":28},"end":{"line":48,"column":54}},"19":{"start":{"line":50,"column":12},"end":{"line":50,"column":31}},"20":{"start":{"line":51,"column":12},"end":{"line":51,"column":31}},"21":{"start":{"line":53,"column":12},"end":{"line":53,"column":60}},"22":{"start":{"line":56,"column":8},"end":{"line":56,"column":50}},"23":{"start":{"line":58,"column":8},"end":{"line":58,"column":77}},"24":{"start":{"line":59,"column":8},"end":{"line":59,"column":21}}},"fnMap":{"0":{"name":"generateApiKey","decl":{"start":{"line":8,"column":16},"end":{"line":8,"column":30}},"loc":{"start":{"line":8,"column":30},"end":{"line":20,"column":1}}},"1":{"name":"hashData","decl":{"start":{"line":27,"column":16},"end":{"line":27,"column":24}},"loc":{"start":{"line":27,"column":37},"end":{"line":29,"column":1}}},"2":{"name":"secureCompare","decl":{"start":{"line":37,"column":16},"end":{"line":37,"column":29}},"loc":{"start":{"line":37,"column":50},"end":{"line":61,"column":1}}}},"branchMap":{"0":{"loc":{"start":{"line":45,"column":8},"end":{"line":54,"column":9}},"type":"if","locations":[{"start":{"line":45,"column":8},"end":{"line":54,"column":9}}]}},"s":{"0":0,"1":0,"2":0,"3":0,"4":0,"5":0,"6":0,"7":0,"8":0,"9":0,"10":0,"11":0,"12":0,"13":0,"14":0,"15":0,"16":0,"17":0,"18":0,"19":0,"20":0,"21":0,"22":0,"23":0,"24":0},"f":{"0":0,"1":0,"2":0},"b":{"0":[0]}},"G:\\NodeProjects\\Adaki\\Actual Working\\adaki-nfc\\src\\services\\sdm.service.ts":{"path":"G:\\NodeProjects\\Adaki\\Actual Working\\adaki-nfc\\src\\services\\sdm.service.ts","statementMap":{"0":{"start":{"line":1,"column":0},"end":{"line":1,"column":26}},"1":{"start":{"line":2,"column":0},"end":{"line":2,"column":90}},"2":{"start":{"line":3,"column":0},"end":{"line":3,"column":35}},"3":{"start":{"line":4,"column":0},"end":{"line":4,"column":37}},"4":{"start":{"line":11,"column":8},"end":{"line":11,"column":53}},"5":{"start":{"line":21,"column":8},"end":{"line":78,"column":9}},"6":{"start":{"line":22,"column":12},"end":{"line":22,"column":71}},"7":{"start":{"line":25,"column":34},"end":{"line":30,"column":14}},"8":{"start":{"line":33,"column":29},"end":{"line":36,"column":null}},"9":{"start":{"line":40,"column":12},"end":{"line":45,"column":13}},"10":{"start":{"line":41,"column":16},"end":{"line":43,"column":19}},"11":{"start":{"line":44,"column":16},"end":{"line":44,"column":74}},"12":{"start":{"line":48,"column":47},"end":{"line":53,"column":14}},"13":{"start":{"line":55,"column":12},"end":{"line":57,"column":15}},"14":{"start":{"line":59,"column":12},"end":{"line":59,"column":26}},"15":{"start":{"line":62,"column":12},"end":{"line":74,"column":13}},"16":{"start":{"line":63,"column":16},"end":{"line":66,"column":17}},"17":{"start":{"line":64,"column":20},"end":{"line":64,"column":100}},"18":{"start":{"line":65,"column":20},"end":{"line":65,"column":90}},"19":{"start":{"line":68,"column":16},"end":{"line":73,"column":17}},"20":{"start":{"line":69,"column":20},"end":{"line":72,"column":23}},"21":{"start":{"line":76,"column":12},"end":{"line":76,"column":95}},"22":{"start":{"line":77,"column":12},"end":{"line":77,"column":76}},"23":{"start":{"line":6,"column":0},"end":{"line":6,"column":13}},"24":{"start":{"line":83,"column":0},"end":{"line":83,"column":32}}},"fnMap":{"0":{"name":"(anonymous_8)","decl":{"start":{"line":9,"column":4},"end":{"line":9,"column":null}},"loc":{"start":{"line":9,"column":4},"end":{"line":12,"column":5}}},"1":{"name":"(anonymous_9)","decl":{"start":{"line":20,"column":10},"end":{"line":20,"column":22}},"loc":{"start":{"line":20,"column":45},"end":{"line":79,"column":null}}}},"branchMap":{"0":{"loc":{"start":{"line":40,"column":12},"end":{"line":45,"column":13}},"type":"if","locations":[{"start":{"line":40,"column":12},"end":{"line":45,"column":13}}]},"1":{"loc":{"start":{"line":40,"column":16},"end":{"line":40,"column":56}},"type":"binary-expr","locations":[{"start":{"line":40,"column":16},"end":{"line":40,"column":30}},{"start":{"line":40,"column":34},"end":{"line":40,"column":56}}]},"2":{"loc":{"start":{"line":52,"column":26},"end":{"line":52,"column":54}},"type":"binary-expr","locations":[{"start":{"line":52,"column":26},"end":{"line":52,"column":48}},{"start":{"line":52,"column":52},"end":{"line":52,"column":54}}]},"3":{"loc":{"start":{"line":62,"column":12},"end":{"line":74,"column":13}},"type":"if","locations":[{"start":{"line":62,"column":12},"end":{"line":74,"column":13}}]},"4":{"loc":{"start":{"line":63,"column":16},"end":{"line":66,"column":17}},"type":"if","locations":[{"start":{"line":63,"column":16},"end":{"line":66,"column":17}}]},"5":{"loc":{"start":{"line":68,"column":16},"end":{"line":73,"column":17}},"type":"if","locations":[{"start":{"line":68,"column":16},"end":{"line":73,"column":17}}]}},"s":{"0":0,"1":0,"2":0,"3":0,"4":0,"5":0,"6":0,"7":0,"8":0,"9":0,"10":0,"11":0,"12":0,"13":0,"14":0,"15":0,"16":0,"17":0,"18":0,"19":0,"20":0,"21":0,"22":0,"23":0,"24":0},"f":{"0":0,"1":0},"b":{"0":[0],"1":[0,0],"2":[0,0],"3":[0],"4":[0],"5":[0]}},"G:\\NodeProjects\\Adaki\\Actual Working\\adaki-nfc\\src\\middleware\\auth.middleware.ts":{"path":"G:\\NodeProjects\\Adaki\\Actual Working\\adaki-nfc\\src\\middleware\\auth.middleware.ts","statementMap":{"0":{"start":{"line":13,"column":0},"end":{"line":13,"column":22}},"1":{"start":{"line":2,"column":0},"end":{"line":2,"column":58}},"2":{"start":{"line":3,"column":0},"end":{"line":3,"column":51}},"3":{"start":{"line":4,"column":0},"end":{"line":4,"column":59}},"4":{"start":{"line":5,"column":0},"end":{"line":5,"column":37}},"5":{"start":{"line":14,"column":4},"end":{"line":77,"column":5}},"6":{"start":{"line":16,"column":23},"end":{"line":16,"column":47}},"7":{"start":{"line":19,"column":8},"end":{"line":30,"column":9}},"8":{"start":{"line":20,"column":12},"end":{"line":20,"column":75}},"9":{"start":{"line":22,"column":12},"end":{"line":29,"column":15}},"10":{"start":{"line":33,"column":8},"end":{"line":44,"column":9}},"11":{"start":{"line":34,"column":12},"end":{"line":34,"column":82}},"12":{"start":{"line":36,"column":12},"end":{"line":43,"column":15}},"13":{"start":{"line":47,"column":27},"end":{"line":47,"column":67}},"14":{"start":{"line":50,"column":8},"end":{"line":50,"column":32}},"15":{"start":{"line":52,"column":8},"end":{"line":52,"column":15}},"16":{"start":{"line":54,"column":8},"end":{"line":64,"column":9}},"17":{"start":{"line":56,"column":12},"end":{"line":63,"column":15}},"18":{"start":{"line":67,"column":8},"end":{"line":67,"column":106}},"19":{"start":{"line":69,"column":8},"end":{"line":76,"column":11}}},"fnMap":{"0":{"name":"apiKeyMiddleware","decl":{"start":{"line":13,"column":22},"end":{"line":13,"column":38}},"loc":{"start":{"line":13,"column":86},"end":{"line":78,"column":null}}}},"branchMap":{"0":{"loc":{"start":{"line":19,"column":8},"end":{"line":30,"column":9}},"type":"if","locations":[{"start":{"line":19,"column":8},"end":{"line":30,"column":9}}]},"1":{"loc":{"start":{"line":19,"column":12},"end":{"line":19,"column":49}},"type":"binary-expr","locations":[{"start":{"line":19,"column":12},"end":{"line":19,"column":19}},{"start":{"line":19,"column":23},"end":{"line":19,"column":49}}]},"2":{"loc":{"start":{"line":33,"column":8},"end":{"line":44,"column":9}},"type":"if","locations":[{"start":{"line":33,"column":8},"end":{"line":44,"column":9}}]},"3":{"loc":{"start":{"line":54,"column":8},"end":{"line":64,"column":9}},"type":"if","locations":[{"start":{"line":54,"column":8},"end":{"line":64,"column":9}}]}},"s":{"0":0,"1":0,"2":0,"3":0,"4":0,"5":0,"6":0,"7":0,"8":0,"9":0,"10":0,"11":0,"12":0,"13":0,"14":0,"15":0,"16":0,"17":0,"18":0,"19":0},"f":{"0":0},"b":{"0":[0],"1":[0,0],"2":[0],"3":[0]}},"G:\\NodeProjects\\Adaki\\Actual Working\\adaki-nfc\\src\\config\\supabase.ts":{"path":"G:\\NodeProjects\\Adaki\\Actual Working\\adaki-nfc\\src\\config\\supabase.ts","statementMap":{"0":{"start":{"line":1,"column":0},"end":{"line":1,"column":69}},"1":{"start":{"line":2,"column":0},"end":{"line":2,"column":37}},"2":{"start":{"line":5,"column":0},"end":{"line":5,"column":28}},"3":{"start":{"line":6,"column":0},"end":{"line":6,"column":16}},"4":{"start":{"line":9,"column":20},"end":{"line":9,"column":44}},"5":{"start":{"line":10,"column":20},"end":{"line":10,"column":52}},"6":{"start":{"line":12,"column":0},"end":{"line":15,"column":1}},"7":{"start":{"line":13,"column":4},"end":{"line":13,"column":80}},"8":{"start":{"line":14,"column":4},"end":{"line":14,"column":98}},"9":{"start":{"line":18,"column":13},"end":{"line":18,"column":79}},"10":{"start":{"line":21,"column":0},"end":{"line":31,"column":5}},"11":{"start":{"line":21,"column":12},"end":{"line":31,"column":2}},"12":{"start":{"line":22,"column":4},"end":{"line":30,"column":5}},"13":{"start":{"line":23,"column":8},"end":{"line":29,"column":9}},"14":{"start":{"line":24,"column":36},"end":{"line":24,"column":124}},"15":{"start":{"line":25,"column":12},"end":{"line":25,"column":35}},"16":{"start":{"line":25,"column":23},"end":{"line":25,"column":35}},"17":{"start":{"line":26,"column":12},"end":{"line":26,"column":79}},"18":{"start":{"line":28,"column":12},"end":{"line":28,"column":87}},"19":{"start":{"line":33,"column":0},"end":{"line":33,"column":24}}},"fnMap":{"0":{"name":"(anonymous_8)","decl":{"start":{"line":21,"column":1},"end":{"line":21,"column":10}},"loc":{"start":{"line":21,"column":12},"end":{"line":31,"column":2}}},"1":{"name":"(anonymous_9)","decl":{"start":{"line":21,"column":12},"end":{"line":21,"column":null}},"loc":{"start":{"line":21,"column":12},"end":{"line":31,"column":1}}}},"branchMap":{"0":{"loc":{"start":{"line":12,"column":0},"end":{"line":15,"column":1}},"type":"if","locations":[{"start":{"line":12,"column":0},"end":{"line":15,"column":1}}]},"1":{"loc":{"start":{"line":12,"column":4},"end":{"line":12,"column":32}},"type":"binary-expr","locations":[{"start":{"line":12,"column":4},"end":{"line":12,"column":16}},{"start":{"line":12,"column":20},"end":{"line":12,"column":32}}]},"2":{"loc":{"start":{"line":22,"column":4},"end":{"line":30,"column":5}},"type":"if","locations":[{"start":{"line":22,"column":4},"end":{"line":30,"column":5}}]},"3":{"loc":{"start":{"line":25,"column":12},"end":{"line":25,"column":35}},"type":"if","locations":[{"start":{"line":25,"column":12},"end":{"line":25,"column":35}}]}},"s":{"0":0,"1":0,"2":0,"3":0,"4":0,"5":0,"6":0,"7":0,"8":0,"9":0,"10":0,"11":0,"12":0,"13":0,"14":0,"15":0,"16":0,"17":0,"18":0,"19":0},"f":{"0":0,"1":0},"b":{"0":[0],"1":[0,0],"2":[0],"3":[0]}}}}
